# JRE version: OpenJDK Runtime Environment Temurin-21.0.9+10 (21.0.9+10) (build 21.0.9+10-LTS)
# Java VM: OpenJDK 64-Bit Server VM Temurin-21.0.9+10 (21.0.9+10-LTS, mixed mode, sharing, tiered, compressed oops, compressed class ptrs, parallel gc, windows-amd64)
GC Precious Log:
 CardTable entry size: 512
 CPUs: 4 total, 4 available
 Memory: 7934M
 Large Page Support: Disabled
 NUMA Support: Disabled
 Compressed Oops: Enabled (32-bit)
 Alignments: Space 512K, Generation 512K, Heap 2M
 Heap Min Capacity: 100M
 Heap Initial Capacity: 100M
 Heap Max Capacity: 2G
 Pre-touch: Disabled
 Parallel Workers: 4
Heap:
 PSYoungGen      total 14336K, used 7484K [0x00000000d5580000, 0x00000000d6600000, 0x0000000100000000)
  eden space 11776K, 44% used [0x00000000d5580000,0x00000000d5aa7318,0x00000000d6100000)
  from space 2560K, 86% used [0x00000000d6380000,0x00000000d65a7fd0,0x00000000d6600000)
  to   space 2560K, 0% used [0x00000000d6100000,0x00000000d6100000,0x00000000d6380000)
 ParOldGen       total 86016K, used 85742K [0x0000000080000000, 0x0000000085400000, 0x00000000d5580000)
  object space 86016K, 99% used [0x0000000080000000,0x00000000853bb800,0x0000000085400000)
 Metaspace       used 69499K, committed 70912K, reserved 1114112K
  class space    used 7328K, committed 8000K, reserved 1048576K
GC Heap History (20 events):
Event: 131.881 GC heap before
{Heap before GC invocations=72 (full 3):
 PSYoungGen      total 15872K, used 15764K [0x00000000d5580000, 0x00000000d6600000, 0x0000000100000000)
  eden space 14848K, 100% used [0x00000000d5580000,0x00000000d6400000,0x00000000d6400000)
  from space 1024K, 89% used [0x00000000d6500000,0x00000000d65e5360,0x00000000d6600000)
  to   space 1024K, 0% used [0x00000000d6400000,0x00000000d6400000,0x00000000d6500000)
 ParOldGen       total 75264K, used 74879K [0x0000000080000000, 0x0000000084980000, 0x00000000d5580000)
  object space 75264K, 99% used [0x0000000080000000,0x000000008491fdd0,0x0000000084980000)
 Metaspace       used 67870K, committed 69184K, reserved 1114112K
  class space    used 7214K, committed 7808K, reserved 1048576K
}
Event: 131.886 GC heap after
{Heap after GC invocations=72 (full 3):
 PSYoungGen      total 15872K, used 879K [0x00000000d5580000, 0x00000000d6600000, 0x0000000100000000)
  eden space 14848K, 0% used [0x00000000d5580000,0x00000000d5580000,0x00000000d6400000)
  from space 1024K, 85% used [0x00000000d6400000,0x00000000d64dbf50,0x00000000d6500000)
  to   space 1024K, 0% used [0x00000000d6500000,0x00000000d6500000,0x00000000d6600000)
 ParOldGen       total 75776K, used 75712K [0x0000000080000000, 0x0000000084a00000, 0x00000000d5580000)
  object space 75776K, 99% used [0x0000000080000000,0x00000000849f0270,0x0000000084a00000)
 Metaspace       used 67870K, committed 69184K, reserved 1114112K
  class space    used 7214K, committed 7808K, reserved 1048576K
}
Event: 132.119 GC heap before
{Heap before GC invocations=73 (full 3):
 PSYoungGen      total 15872K, used 15727K [0x00000000d5580000, 0x00000000d6600000, 0x0000000100000000)
  eden space 14848K, 100% used [0x00000000d5580000,0x00000000d6400000,0x00000000d6400000)
  from space 1024K, 85% used [0x00000000d6400000,0x00000000d64dbf50,0x00000000d6500000)
  to   space 1024K, 0% used [0x00000000d6500000,0x00000000d6500000,0x00000000d6600000)
 ParOldGen       total 75776K, used 75712K [0x0000000080000000, 0x0000000084a00000, 0x00000000d5580000)
  object space 75776K, 99% used [0x0000000080000000,0x00000000849f0270,0x0000000084a00000)
 Metaspace       used 67894K, committed 69184K, reserved 1114112K
  class space    used 7214K, committed 7808K, reserved 1048576K
}
Event: 132.123 GC heap after
{Heap after GC invocations=73 (full 3):
 PSYoungGen      total 15872K, used 880K [0x00000000d5580000, 0x00000000d6600000, 0x0000000100000000)
  eden space 14848K, 0% used [0x00000000d5580000,0x00000000d5580000,0x00000000d6400000)
  from space 1024K, 85% used [0x00000000d6500000,0x00000000d65dc030,0x00000000d6600000)
  to   space 1024K, 0% used [0x00000000d6400000,0x00000000d6400000,0x00000000d6500000)
 ParOldGen       total 76800K, used 76522K [0x0000000080000000, 0x0000000084b00000, 0x00000000d5580000)
  object space 76800K, 99% used [0x0000000080000000,0x0000000084abaa58,0x0000000084b00000)
 Metaspace       used 67894K, committed 69184K, reserved 1114112K
  class space    used 7214K, committed 7808K, reserved 1048576K
}
Event: 132.340 GC heap before
{Heap before GC invocations=74 (full 3):
 PSYoungGen      total 15872K, used 15728K [0x00000000d5580000, 0x00000000d6600000, 0x0000000100000000)
  eden space 14848K, 100% used [0x00000000d5580000,0x00000000d6400000,0x00000000d6400000)
  from space 1024K, 85% used [0x00000000d6500000,0x00000000d65dc030,0x00000000d6600000)
  to   space 1024K, 0% used [0x00000000d6400000,0x00000000d6400000,0x00000000d6500000)
 ParOldGen       total 76800K, used 76522K [0x0000000080000000, 0x0000000084b00000, 0x00000000d5580000)
  object space 76800K, 99% used [0x0000000080000000,0x0000000084abaa58,0x0000000084b00000)
 Metaspace       used 67904K, committed 69248K, reserved 1114112K
  class space    used 7214K, committed 7808K, reserved 1048576K
}
Event: 132.345 GC heap after
{Heap after GC invocations=74 (full 3):
 PSYoungGen      total 15872K, used 688K [0x00000000d5580000, 0x00000000d6600000, 0x0000000100000000)
  eden space 14848K, 0% used [0x00000000d5580000,0x00000000d5580000,0x00000000d6400000)
  from space 1024K, 67% used [0x00000000d6400000,0x00000000d64ac010,0x00000000d6500000)
  to   space 1024K, 0% used [0x00000000d6500000,0x00000000d6500000,0x00000000d6600000)
 ParOldGen       total 77824K, used 77323K [0x0000000080000000, 0x0000000084c00000, 0x00000000d5580000)
  object space 77824K, 99% used [0x0000000080000000,0x0000000084b82c60,0x0000000084c00000)
 Metaspace       used 67904K, committed 69248K, reserved 1114112K
  class space    used 7214K, committed 7808K, reserved 1048576K
}
Event: 132.524 GC heap before
{Heap before GC invocations=75 (full 3):
 PSYoungGen      total 15872K, used 15536K [0x00000000d5580000, 0x00000000d6600000, 0x0000000100000000)
  eden space 14848K, 100% used [0x00000000d5580000,0x00000000d6400000,0x00000000d6400000)
  from space 1024K, 67% used [0x00000000d6400000,0x00000000d64ac010,0x00000000d6500000)
  to   space 1024K, 0% used [0x00000000d6500000,0x00000000d6500000,0x00000000d6600000)
 ParOldGen       total 77824K, used 77323K [0x0000000080000000, 0x0000000084c00000, 0x00000000d5580000)
  object space 77824K, 99% used [0x0000000080000000,0x0000000084b82c60,0x0000000084c00000)
 Metaspace       used 67937K, committed 69248K, reserved 1114112K
  class space    used 7217K, committed 7808K, reserved 1048576K
}
Event: 132.530 GC heap after
{Heap after GC invocations=75 (full 3):
 PSYoungGen      total 14848K, used 1001K [0x00000000d5580000, 0x00000000d6800000, 0x0000000100000000)
  eden space 13824K, 0% used [0x00000000d5580000,0x00000000d5580000,0x00000000d6300000)
  from space 1024K, 97% used [0x00000000d6500000,0x00000000d65fa4b0,0x00000000d6600000)
  to   space 2048K, 0% used [0x00000000d6300000,0x00000000d6300000,0x00000000d6500000)
 ParOldGen       total 78336K, used 77974K [0x0000000080000000, 0x0000000084c80000, 0x00000000d5580000)
  object space 78336K, 99% used [0x0000000080000000,0x0000000084c25b50,0x0000000084c80000)
 Metaspace       used 67937K, committed 69248K, reserved 1114112K
  class space    used 7217K, committed 7808K, reserved 1048576K
}
Event: 132.784 GC heap before
{Heap before GC invocations=76 (full 3):
 PSYoungGen      total 14848K, used 14825K [0x00000000d5580000, 0x00000000d6800000, 0x0000000100000000)
  eden space 13824K, 100% used [0x00000000d5580000,0x00000000d6300000,0x00000000d6300000)
  from space 1024K, 97% used [0x00000000d6500000,0x00000000d65fa4b0,0x00000000d6600000)
  to   space 2048K, 0% used [0x00000000d6300000,0x00000000d6300000,0x00000000d6500000)
 ParOldGen       total 78336K, used 77974K [0x0000000080000000, 0x0000000084c80000, 0x00000000d5580000)
  object space 78336K, 99% used [0x0000000080000000,0x0000000084c25b50,0x0000000084c80000)
 Metaspace       used 67949K, committed 69248K, reserved 1114112K
  class space    used 7217K, committed 7808K, reserved 1048576K
}
Event: 132.790 GC heap after
{Heap after GC invocations=76 (full 3):
 PSYoungGen      total 14848K, used 962K [0x00000000d5580000, 0x00000000d6600000, 0x0000000100000000)
  eden space 13824K, 0% used [0x00000000d5580000,0x00000000d5580000,0x00000000d6300000)
  from space 1024K, 93% used [0x00000000d6300000,0x00000000d63f0850,0x00000000d6400000)
  to   space 1536K, 0% used [0x00000000d6480000,0x00000000d6480000,0x00000000d6600000)
 ParOldGen       total 79360K, used 78963K [0x0000000080000000, 0x0000000084d80000, 0x00000000d5580000)
  object space 79360K, 99% used [0x0000000080000000,0x0000000084d1cca0,0x0000000084d80000)
 Metaspace       used 67949K, committed 69248K, reserved 1114112K
  class space    used 7217K, committed 7808K, reserved 1048576K
}
Event: 133.053 GC heap before
{Heap before GC invocations=77 (full 3):
 PSYoungGen      total 14848K, used 14786K [0x00000000d5580000, 0x00000000d6600000, 0x0000000100000000)
  eden space 13824K, 100% used [0x00000000d5580000,0x00000000d6300000,0x00000000d6300000)
  from space 1024K, 93% used [0x00000000d6300000,0x00000000d63f0850,0x00000000d6400000)
  to   space 1536K, 0% used [0x00000000d6480000,0x00000000d6480000,0x00000000d6600000)
 ParOldGen       total 79360K, used 78963K [0x0000000080000000, 0x0000000084d80000, 0x00000000d5580000)
  object space 79360K, 99% used [0x0000000080000000,0x0000000084d1cca0,0x0000000084d80000)
 Metaspace       used 67961K, committed 69248K, reserved 1114112K
  class space    used 7217K, committed 7808K, reserved 1048576K
}
Event: 133.058 GC heap after
{Heap after GC invocations=77 (full 3):
 PSYoungGen      total 14848K, used 878K [0x00000000d5580000, 0x00000000d6580000, 0x0000000100000000)
  eden space 13824K, 0% used [0x00000000d5580000,0x00000000d5580000,0x00000000d6300000)
  from space 1024K, 85% used [0x00000000d6480000,0x00000000d655ba08,0x00000000d6580000)
  to   space 1024K, 0% used [0x00000000d6300000,0x00000000d6300000,0x00000000d6400000)
 ParOldGen       total 79872K, used 79871K [0x0000000080000000, 0x0000000084e00000, 0x00000000d5580000)
  object space 79872K, 99% used [0x0000000080000000,0x0000000084dffde0,0x0000000084e00000)
 Metaspace       used 67961K, committed 69248K, reserved 1114112K
  class space    used 7217K, committed 7808K, reserved 1048576K
}
Event: 133.602 GC heap before
{Heap before GC invocations=78 (full 3):
 PSYoungGen      total 14848K, used 14702K [0x00000000d5580000, 0x00000000d6580000, 0x0000000100000000)
  eden space 13824K, 100% used [0x00000000d5580000,0x00000000d6300000,0x00000000d6300000)
  from space 1024K, 85% used [0x00000000d6480000,0x00000000d655ba08,0x00000000d6580000)
  to   space 1024K, 0% used [0x00000000d6300000,0x00000000d6300000,0x00000000d6400000)
 ParOldGen       total 79872K, used 79871K [0x0000000080000000, 0x0000000084e00000, 0x00000000d5580000)
  object space 79872K, 99% used [0x0000000080000000,0x0000000084dffde0,0x0000000084e00000)
 Metaspace       used 68154K, committed 69504K, reserved 1114112K
  class space    used 7245K, committed 7872K, reserved 1048576K
}
Event: 133.607 GC heap after
{Heap after GC invocations=78 (full 3):
 PSYoungGen      total 14848K, used 1023K [0x00000000d5580000, 0x00000000d6800000, 0x0000000100000000)
  eden space 13824K, 0% used [0x00000000d5580000,0x00000000d5580000,0x00000000d6300000)
  from space 1024K, 99% used [0x00000000d6300000,0x00000000d63fff60,0x00000000d6400000)
  to   space 2560K, 0% used [0x00000000d6580000,0x00000000d6580000,0x00000000d6800000)
 ParOldGen       total 80896K, used 80887K [0x0000000080000000, 0x0000000084f00000, 0x00000000d5580000)
  object space 80896K, 99% used [0x0000000080000000,0x0000000084efdd10,0x0000000084f00000)
 Metaspace       used 68154K, committed 69504K, reserved 1114112K
  class space    used 7245K, committed 7872K, reserved 1048576K
}
Event: 135.699 GC heap before
{Heap before GC invocations=79 (full 3):
 PSYoungGen      total 14848K, used 14847K [0x00000000d5580000, 0x00000000d6800000, 0x0000000100000000)
  eden space 13824K, 100% used [0x00000000d5580000,0x00000000d6300000,0x00000000d6300000)
  from space 1024K, 99% used [0x00000000d6300000,0x00000000d63fff60,0x00000000d6400000)
  to   space 2560K, 0% used [0x00000000d6580000,0x00000000d6580000,0x00000000d6800000)
 ParOldGen       total 80896K, used 80887K [0x0000000080000000, 0x0000000084f00000, 0x00000000d5580000)
  object space 80896K, 99% used [0x0000000080000000,0x0000000084efdd10,0x0000000084f00000)
 Metaspace       used 68605K, committed 70016K, reserved 1114112K
  class space    used 7268K, committed 7936K, reserved 1048576K
}
Event: 135.713 GC heap after
{Heap after GC invocations=79 (full 3):
 PSYoungGen      total 14336K, used 2535K [0x00000000d5580000, 0x00000000d6c00000, 0x0000000100000000)
  eden space 11776K, 0% used [0x00000000d5580000,0x00000000d5580000,0x00000000d6100000)
  from space 2560K, 99% used [0x00000000d6580000,0x00000000d67f9f30,0x00000000d6800000)
  to   space 4608K, 0% used [0x00000000d6100000,0x00000000d6100000,0x00000000d6580000)
 ParOldGen       total 82432K, used 82117K [0x0000000080000000, 0x0000000085080000, 0x00000000d5580000)
  object space 82432K, 99% used [0x0000000080000000,0x00000000850314b0,0x0000000085080000)
 Metaspace       used 68605K, committed 70016K, reserved 1114112K
  class space    used 7268K, committed 7936K, reserved 1048576K
}
Event: 136.998 GC heap before
{Heap before GC invocations=80 (full 3):
 PSYoungGen      total 14336K, used 14311K [0x00000000d5580000, 0x00000000d6c00000, 0x0000000100000000)
  eden space 11776K, 100% used [0x00000000d5580000,0x00000000d6100000,0x00000000d6100000)
  from space 2560K, 99% used [0x00000000d6580000,0x00000000d67f9f30,0x00000000d6800000)
  to   space 4608K, 0% used [0x00000000d6100000,0x00000000d6100000,0x00000000d6580000)
 ParOldGen       total 82432K, used 82117K [0x0000000080000000, 0x0000000085080000, 0x00000000d5580000)
  object space 82432K, 99% used [0x0000000080000000,0x00000000850314b0,0x0000000085080000)
 Metaspace       used 69300K, committed 70720K, reserved 1114112K
  class space    used 7323K, committed 8000K, reserved 1048576K
}
Event: 137.010 GC heap after
{Heap after GC invocations=80 (full 3):
 PSYoungGen      total 13312K, used 1141K [0x00000000d5580000, 0x00000000d6600000, 0x0000000100000000)
  eden space 11776K, 0% used [0x00000000d5580000,0x00000000d5580000,0x00000000d6100000)
  from space 1536K, 74% used [0x00000000d6100000,0x00000000d621d608,0x00000000d6280000)
  to   space 2560K, 0% used [0x00000000d6380000,0x00000000d6380000,0x00000000d6600000)
 ParOldGen       total 84992K, used 84658K [0x0000000080000000, 0x0000000085300000, 0x00000000d5580000)
  object space 84992K, 99% used [0x0000000080000000,0x00000000852acb88,0x0000000085300000)
 Metaspace       used 69300K, committed 70720K, reserved 1114112K
  class space    used 7323K, committed 8000K, reserved 1048576K
}
Event: 137.684 GC heap before
{Heap before GC invocations=81 (full 3):
 PSYoungGen      total 13312K, used 12917K [0x00000000d5580000, 0x00000000d6600000, 0x0000000100000000)
  eden space 11776K, 100% used [0x00000000d5580000,0x00000000d6100000,0x00000000d6100000)
  from space 1536K, 74% used [0x00000000d6100000,0x00000000d621d608,0x00000000d6280000)
  to   space 2560K, 0% used [0x00000000d6380000,0x00000000d6380000,0x00000000d6600000)
 ParOldGen       total 84992K, used 84658K [0x0000000080000000, 0x0000000085300000, 0x00000000d5580000)
  object space 84992K, 99% used [0x0000000080000000,0x00000000852acb88,0x0000000085300000)
 Metaspace       used 69458K, committed 70848K, reserved 1114112K
  class space    used 7326K, committed 8000K, reserved 1048576K
}
Event: 137.692 GC heap after
{Heap after GC invocations=81 (full 3):
 PSYoungGen      total 14336K, used 2207K [0x00000000d5580000, 0x00000000d6600000, 0x0000000100000000)
  eden space 11776K, 0% used [0x00000000d5580000,0x00000000d5580000,0x00000000d6100000)
  from space 2560K, 86% used [0x00000000d6380000,0x00000000d65a7fd0,0x00000000d6600000)
  to   space 2560K, 0% used [0x00000000d6100000,0x00000000d6100000,0x00000000d6380000)
 ParOldGen       total 86016K, used 85742K [0x0000000080000000, 0x0000000085400000, 0x00000000d5580000)
  object space 86016K, 99% used [0x0000000080000000,0x00000000853bb800,0x0000000085400000)
 Metaspace       used 69458K, committed 70848K, reserved 1114112K
  class space    used 7326K, committed 8000K, reserved 1048576K
}

